<?xml version="1.0" encoding="UTF-8"?>
<testng-results ignored="0" total="1" passed="1" failed="0" skipped="0">
  <reporter-output>
  </reporter-output>
  <suite started-at="2024-05-23T10:33:32 EEST" name="Default suite" finished-at="2024-05-23T10:33:49 EEST" duration-ms="16963">
    <groups>
    </groups>
    <test started-at="2024-05-23T10:33:32 EEST" name="Default test" finished-at="2024-05-23T10:33:49 EEST" duration-ms="16963">
      <class name="todo.OpenBrowser">
        <test-method is-config="true" signature="LaunchApp()[pri:0, instance:todo.OpenBrowser@6e6f2380]" started-at="2024-05-23T10:33:32 EEST" name="LaunchApp" finished-at="2024-05-23T10:33:44 EEST" duration-ms="11095" status="PASS">
          <reporter-output>
          </reporter-output>
        </test-method> <!-- LaunchApp -->
        <test-method signature="LoginWithoutEnteringMail()[pri:0, instance:todo.OpenBrowser@6e6f2380]" started-at="2024-05-23T10:33:44 EEST" name="LoginWithoutEnteringMail" finished-at="2024-05-23T10:33:49 EEST" duration-ms="5281" status="PASS">
          <reporter-output>
          </reporter-output>
        </test-method> <!-- LoginWithoutEnteringMail -->
        <test-method is-config="true" signature="QuitApp()[pri:0, instance:todo.OpenBrowser@6e6f2380]" started-at="2024-05-23T10:33:49 EEST" name="QuitApp" finished-at="2024-05-23T10:33:49 EEST" duration-ms="550" status="PASS">
          <reporter-output>
          </reporter-output>
        </test-method> <!-- QuitApp -->
      </class> <!-- todo.OpenBrowser -->
    </test> <!-- Default test -->
  </suite> <!-- Default suite -->
</testng-results>
